# JRE version: OpenJDK Runtime Environment (8.0_152-b01) (build 1.8.0_152-release-915-b01)
# Java VM: OpenJDK Server VM (25.152-b01 mixed mode windows-x86 )
Heap:
 def new generation   total 32000K, used 22960K [0x11000000, 0x132b0000, 0x26550000)
  eden space 28480K,  68% used [0x11000000, 0x122fc2a0, 0x12bd0000)
  from space 3520K, 100% used [0x12f40000, 0x132b0000, 0x132b0000)
  to   space 3520K,   0% used [0x12bd0000, 0x12bd0000, 0x12f40000)
 tenured generation   total 70848K, used 58868K [0x26550000, 0x2aa80000, 0x51000000)
   the space 70848K,  83% used [0x26550000, 0x29ecd148, 0x29ecd200, 0x2aa80000)
 Metaspace       used 45357K, capacity 46839K, committed 46848K, reserved 47488K
GC Heap History (10 events):
Event: 368.539 GC heap before
{Heap before GC invocations=90 (full 4):
 def new generation   total 32000K, used 30890K [0x11000000, 0x132b0000, 0x26550000)
  eden space 28480K, 100% used [0x11000000, 0x12bd0000, 0x12bd0000)
  from space 3520K,  68% used [0x12bd0000, 0x12e2a9b0, 0x12f40000)
  to   space 3520K,   0% used [0x12f40000, 0x12f40000, 0x132b0000)
 tenured generation   total 70848K, used 50353K [0x26550000, 0x2aa80000, 0x51000000)
   the space 70848K,  71% used [0x26550000, 0x2967c770, 0x2967c800, 0x2aa80000)
 Metaspace       used 43857K, capacity 45286K, committed 45312K, reserved 45440K
Event: 368.560 GC heap after
Heap after GC invocations=91 (full 4):
 def new generation   total 32000K, used 1191K [0x11000000, 0x132b0000, 0x26550000)
  eden space 28480K,   0% used [0x11000000, 0x11000000, 0x12bd0000)
  from space 3520K,  33% used [0x12f40000, 0x13069d20, 0x132b0000)
  to   space 3520K,   0% used [0x12bd0000, 0x12bd0000, 0x12f40000)
 tenured generation   total 70848K, used 51977K [0x26550000, 0x2aa80000, 0x51000000)
   the space 70848K,  73% used [0x26550000, 0x298127a8, 0x29812800, 0x2aa80000)
 Metaspace       used 43857K, capacity 45286K, committed 45312K, reserved 45440K
}
Event: 369.852 GC heap before
{Heap before GC invocations=91 (full 4):
 def new generation   total 32000K, used 29671K [0x11000000, 0x132b0000, 0x26550000)
  eden space 28480K, 100% used [0x11000000, 0x12bd0000, 0x12bd0000)
  from space 3520K,  33% used [0x12f40000, 0x13069d20, 0x132b0000)
  to   space 3520K,   0% used [0x12bd0000, 0x12bd0000, 0x12f40000)
 tenured generation   total 70848K, used 51977K [0x26550000, 0x2aa80000, 0x51000000)
   the space 70848K,  73% used [0x26550000, 0x298127a8, 0x29812800, 0x2aa80000)
 Metaspace       used 43899K, capacity 45341K, committed 45440K, reserved 45440K
Event: 369.868 GC heap after
Heap after GC invocations=92 (full 4):
 def new generation   total 32000K, used 2236K [0x11000000, 0x132b0000, 0x26550000)
  eden space 28480K,   0% used [0x11000000, 0x11000000, 0x12bd0000)
  from space 3520K,  63% used [0x12bd0000, 0x12dff160, 0x12f40000)
  to   space 3520K,   0% used [0x12f40000, 0x12f40000, 0x132b0000)
 tenured generation   total 70848K, used 51977K [0x26550000, 0x2aa80000, 0x51000000)
   the space 70848K,  73% used [0x26550000, 0x298127a8, 0x29812800, 0x2aa80000)
 Metaspace       used 43899K, capacity 45341K, committed 45440K, reserved 45440K
}
Event: 372.078 GC heap before
{Heap before GC invocations=92 (full 4):
 def new generation   total 32000K, used 30716K [0x11000000, 0x132b0000, 0x26550000)
  eden space 28480K, 100% used [0x11000000, 0x12bd0000, 0x12bd0000)
  from space 3520K,  63% used [0x12bd0000, 0x12dff160, 0x12f40000)
  to   space 3520K,   0% used [0x12f40000, 0x12f40000, 0x132b0000)
 tenured generation   total 70848K, used 51977K [0x26550000, 0x2aa80000, 0x51000000)
   the space 70848K,  73% used [0x26550000, 0x298127a8, 0x29812800, 0x2aa80000)
 Metaspace       used 43950K, capacity 45398K, committed 45440K, reserved 45440K
Event: 372.101 GC heap after
Heap after GC invocations=93 (full 4):
 def new generation   total 32000K, used 2276K [0x11000000, 0x132b0000, 0x26550000)
  eden space 28480K,   0% used [0x11000000, 0x11000000, 0x12bd0000)
  from space 3520K,  64% used [0x12f40000, 0x131790a8, 0x132b0000)
  to   space 3520K,   0% used [0x12bd0000, 0x12bd0000, 0x12f40000)
 tenured generation   total 70848K, used 53043K [0x26550000, 0x2aa80000, 0x51000000)
   the space 70848K,  74% used [0x26550000, 0x2991cf48, 0x2991d000, 0x2aa80000)
 Metaspace       used 43950K, capacity 45398K, committed 45440K, reserved 45440K
}
Event: 377.641 GC heap before
{Heap before GC invocations=93 (full 4):
 def new generation   total 32000K, used 30756K [0x11000000, 0x132b0000, 0x26550000)
  eden space 28480K, 100% used [0x11000000, 0x12bd0000, 0x12bd0000)
  from space 3520K,  64% used [0x12f40000, 0x131790a8, 0x132b0000)
  to   space 3520K,   0% used [0x12bd0000, 0x12bd0000, 0x12f40000)
 tenured generation   total 70848K, used 53043K [0x26550000, 0x2aa80000, 0x51000000)
   the space 70848K,  74% used [0x26550000, 0x2991cf48, 0x2991d000, 0x2aa80000)
 Metaspace       used 44436K, capacity 45898K, committed 45952K, reserved 46464K
Event: 377.668 GC heap after
Heap after GC invocations=94 (full 4):
 def new generation   total 32000K, used 3520K [0x11000000, 0x132b0000, 0x26550000)
  eden space 28480K,   0% used [0x11000000, 0x11000000, 0x12bd0000)
  from space 3520K, 100% used [0x12bd0000, 0x12f40000, 0x12f40000)
  to   space 3520K,   0% used [0x12f40000, 0x12f40000, 0x132b0000)
 tenured generation   total 70848K, used 53804K [0x26550000, 0x2aa80000, 0x51000000)
   the space 70848K,  75% used [0x26550000, 0x299db2f8, 0x299db400, 0x2aa80000)
 Metaspace       used 44436K, capacity 45898K, committed 45952K, reserved 46464K
}
Event: 380.771 GC heap before
{Heap before GC invocations=94 (full 4):
 def new generation   total 32000K, used 32000K [0x11000000, 0x132b0000, 0x26550000)
  eden space 28480K, 100% used [0x11000000, 0x12bd0000, 0x12bd0000)
  from space 3520K, 100% used [0x12bd0000, 0x12f40000, 0x12f40000)
  to   space 3520K,   0% used [0x12f40000, 0x12f40000, 0x132b0000)
 tenured generation   total 70848K, used 53804K [0x26550000, 0x2aa80000, 0x51000000)
   the space 70848K,  75% used [0x26550000, 0x299db2f8, 0x299db400, 0x2aa80000)
 Metaspace       used 44605K, capacity 46058K, committed 46080K, reserved 46464K
Event: 380.840 GC heap after
Heap after GC invocations=95 (full 4):
 def new generation   total 32000K, used 3520K [0x11000000, 0x132b0000, 0x26550000)
  eden space 28480K,   0% used [0x11000000, 0x11000000, 0x12bd0000)
  from space 3520K, 100% used [0x12f40000, 0x132b0000, 0x132b0000)
  to   space 3520K,   0% used [0x12bd0000, 0x12bd0000, 0x12f40000)
 tenured generation   total 70848K, used 58868K [0x26550000, 0x2aa80000, 0x51000000)
   the space 70848K,  83% used [0x26550000, 0x29ecd148, 0x29ecd200, 0x2aa80000)
 Metaspace       used 44605K, capacity 46058K, committed 46080K, reserved 46464K
}

