# JRE version: OpenJDK Runtime Environment (8.0_152-b01) (build 1.8.0_152-release-915-b01)
# Java VM: OpenJDK Server VM (25.152-b01 mixed mode windows-x86 )
Heap:
 def new generation   total 30784K, used 24006K [0x11000000, 0x13160000, 0x26550000)
  eden space 27392K,  75% used [0x11000000, 0x12421a18, 0x12ac0000)
  from space 3392K, 100% used [0x12ac0000, 0x12e10000, 0x12e10000)
  to   space 3392K,   0% used [0x12e10000, 0x12e10000, 0x13160000)
 tenured generation   total 68176K, used 47109K [0x26550000, 0x2a7e4000, 0x51000000)
   the space 68176K,  69% used [0x26550000, 0x293514c8, 0x29351600, 0x2a7e4000)
 Metaspace       used 41829K, capacity 43067K, committed 43136K, reserved 43392K
GC Heap History (10 events):
Event: 96.876 GC heap before
{Heap before GC invocations=79 (full 3):
 def new generation   total 20928K, used 20928K [0x11000000, 0x126b0000, 0x26550000)
  eden space 18624K, 100% used [0x11000000, 0x12230000, 0x12230000)
  from space 2304K, 100% used [0x12470000, 0x126b0000, 0x126b0000)
  to   space 2304K,   0% used [0x12230000, 0x12230000, 0x12470000)
 tenured generation   total 46248K, used 45143K [0x26550000, 0x2927a000, 0x51000000)
   the space 46248K,  97% used [0x26550000, 0x29165f88, 0x29166000, 0x2927a000)
 Metaspace       used 39421K, capacity 40662K, committed 40704K, reserved 41344K
Event: 97.228 GC heap after
Heap after GC invocations=80 (full 4):
 def new generation   total 30784K, used 0K [0x11000000, 0x13160000, 0x26550000)
  eden space 27392K,   0% used [0x11000000, 0x11000000, 0x12ac0000)
  from space 3392K,   0% used [0x12ac0000, 0x12ac0000, 0x12e10000)
  to   space 3392K,   0% used [0x12e10000, 0x12e10000, 0x13160000)
 tenured generation   total 68176K, used 40903K [0x26550000, 0x2a7e4000, 0x51000000)
   the space 68176K,  59% used [0x26550000, 0x28d41eb0, 0x28d42000, 0x2a7e4000)
 Metaspace       used 39421K, capacity 40662K, committed 40704K, reserved 41344K
}
Event: 98.209 GC heap before
{Heap before GC invocations=80 (full 4):
 def new generation   total 30784K, used 27392K [0x11000000, 0x13160000, 0x26550000)
  eden space 27392K, 100% used [0x11000000, 0x12ac0000, 0x12ac0000)
  from space 3392K,   0% used [0x12ac0000, 0x12ac0000, 0x12e10000)
  to   space 3392K,   0% used [0x12e10000, 0x12e10000, 0x13160000)
 tenured generation   total 68176K, used 40903K [0x26550000, 0x2a7e4000, 0x51000000)
   the space 68176K,  59% used [0x26550000, 0x28d41eb0, 0x28d42000, 0x2a7e4000)
 Metaspace       used 39498K, capacity 40726K, committed 40832K, reserved 41344K
Event: 98.216 GC heap after
Heap after GC invocations=81 (full 4):
 def new generation   total 30784K, used 682K [0x11000000, 0x13160000, 0x26550000)
  eden space 27392K,   0% used [0x11000000, 0x11000000, 0x12ac0000)
  from space 3392K,  20% used [0x12e10000, 0x12eba988, 0x13160000)
  to   space 3392K,   0% used [0x12ac0000, 0x12ac0000, 0x12e10000)
 tenured generation   total 68176K, used 40903K [0x26550000, 0x2a7e4000, 0x51000000)
   the space 68176K,  59% used [0x26550000, 0x28d41eb0, 0x28d42000, 0x2a7e4000)
 Metaspace       used 39498K, capacity 40726K, committed 40832K, reserved 41344K
}
Event: 102.005 GC heap before
{Heap before GC invocations=81 (full 4):
 def new generation   total 30784K, used 28074K [0x11000000, 0x13160000, 0x26550000)
  eden space 27392K, 100% used [0x11000000, 0x12ac0000, 0x12ac0000)
  from space 3392K,  20% used [0x12e10000, 0x12eba988, 0x13160000)
  to   space 3392K,   0% used [0x12ac0000, 0x12ac0000, 0x12e10000)
 tenured generation   total 68176K, used 40903K [0x26550000, 0x2a7e4000, 0x51000000)
   the space 68176K,  59% used [0x26550000, 0x28d41eb0, 0x28d42000, 0x2a7e4000)
 Metaspace       used 40098K, capacity 41315K, committed 41344K, reserved 41344K
Event: 102.031 GC heap after
Heap after GC invocations=82 (full 4):
 def new generation   total 30784K, used 3392K [0x11000000, 0x13160000, 0x26550000)
  eden space 27392K,   0% used [0x11000000, 0x11000000, 0x12ac0000)
  from space 3392K, 100% used [0x12ac0000, 0x12e10000, 0x12e10000)
  to   space 3392K,   0% used [0x12e10000, 0x12e10000, 0x13160000)
 tenured generation   total 68176K, used 40944K [0x26550000, 0x2a7e4000, 0x51000000)
   the space 68176K,  60% used [0x26550000, 0x28d4c3c8, 0x28d4c400, 0x2a7e4000)
 Metaspace       used 40098K, capacity 41315K, committed 41344K, reserved 41344K
}
Event: 106.092 GC heap before
{Heap before GC invocations=82 (full 4):
 def new generation   total 30784K, used 30784K [0x11000000, 0x13160000, 0x26550000)
  eden space 27392K, 100% used [0x11000000, 0x12ac0000, 0x12ac0000)
  from space 3392K, 100% used [0x12ac0000, 0x12e10000, 0x12e10000)
  to   space 3392K,   0% used [0x12e10000, 0x12e10000, 0x13160000)
 tenured generation   total 68176K, used 40944K [0x26550000, 0x2a7e4000, 0x51000000)
   the space 68176K,  60% used [0x26550000, 0x28d4c3c8, 0x28d4c400, 0x2a7e4000)
 Metaspace       used 40711K, capacity 41929K, committed 41984K, reserved 42368K
Event: 106.119 GC heap after
Heap after GC invocations=83 (full 4):
 def new generation   total 30784K, used 2030K [0x11000000, 0x13160000, 0x26550000)
  eden space 27392K,   0% used [0x11000000, 0x11000000, 0x12ac0000)
  from space 3392K,  59% used [0x12e10000, 0x1300ba70, 0x13160000)
  to   space 3392K,   0% used [0x12ac0000, 0x12ac0000, 0x12e10000)
 tenured generation   total 68176K, used 43698K [0x26550000, 0x2a7e4000, 0x51000000)
   the space 68176K,  64% used [0x26550000, 0x28ffc8a8, 0x28ffca00, 0x2a7e4000)
 Metaspace       used 40711K, capacity 41929K, committed 41984K, reserved 42368K
}
Event: 108.051 GC heap before
{Heap before GC invocations=83 (full 4):
 def new generation   total 30784K, used 29422K [0x11000000, 0x13160000, 0x26550000)
  eden space 27392K, 100% used [0x11000000, 0x12ac0000, 0x12ac0000)
  from space 3392K,  59% used [0x12e10000, 0x1300ba70, 0x13160000)
  to   space 3392K,   0% used [0x12ac0000, 0x12ac0000, 0x12e10000)
 tenured generation   total 68176K, used 43698K [0x26550000, 0x2a7e4000, 0x51000000)
   the space 68176K,  64% used [0x26550000, 0x28ffc8a8, 0x28ffca00, 0x2a7e4000)
 Metaspace       used 40879K, capacity 42089K, committed 42112K, reserved 42368K
Event: 108.088 GC heap after
Heap after GC invocations=84 (full 4):
 def new generation   total 30784K, used 3392K [0x11000000, 0x13160000, 0x26550000)
  eden space 27392K,   0% used [0x11000000, 0x11000000, 0x12ac0000)
  from space 3392K, 100% used [0x12ac0000, 0x12e10000, 0x12e10000)
  to   space 3392K,   0% used [0x12e10000, 0x12e10000, 0x13160000)
 tenured generation   total 68176K, used 47109K [0x26550000, 0x2a7e4000, 0x51000000)
   the space 68176K,  69% used [0x26550000, 0x293514c8, 0x29351600, 0x2a7e4000)
 Metaspace       used 40879K, capacity 42089K, committed 42112K, reserved 42368K
}

